# JRE version: OpenJDK Runtime Environment Temurin-21.0.7+6 (21.0.7+6) (build 21.0.7+6-LTS)
# Java VM: OpenJDK 64-Bit Server VM Temurin-21.0.7+6 (21.0.7+6-LTS, mixed mode, sharing, tiered, compressed oops, compressed class ptrs, g1 gc, windows-aarch64)
GC Precious Log:
 CardTable entry size: 512
 Card Set container configuration: InlinePtr #cards 4 size 8 Array Of Cards #cards 16 size 48 Howl #buckets 8 coarsen threshold 3686 Howl Bitmap #cards 512 size 80 coarsen threshold 460 Card regions per heap region 1 cards per card region 4096
 CPUs: 12 total, 12 available
 Memory: 15984M
 Large Page Support: Disabled
 NUMA Support: Disabled
 Compressed Oops: Enabled (Zero based)
 Heap Region Size: 2M
 Heap Min Capacity: 8M
 Heap Initial Capacity: 250M
 Heap Max Capacity: 3998M
 Pre-touch: Disabled
 Parallel Workers: 10
 Concurrent Workers: 3
 Concurrent Refinement Workers: 10
 Periodic GC: Disabled
Heap:
 garbage-first heap   total 256000K, used 38478K [0x0000000706200000, 0x0000000800000000)
  region size 2048K, 13 young (26624K), 1 survivors (2048K)
 Metaspace       used 9053K, committed 9280K, reserved 1114112K
  class space    used 934K, committed 1024K, reserved 1048576K
GC Heap History (20 events):
Event: 870.337 GC heap before
{Heap before GC invocations=54 (full 0):
 garbage-first heap   total 256000K, used 159295K [0x0000000706200000, 0x0000000800000000)
  region size 2048K, 75 young (153600K), 1 survivors (2048K)
 Metaspace       used 9045K, committed 9216K, reserved 1114112K
  class space    used 934K, committed 1024K, reserved 1048576K
}
Event: 870.339 GC heap after
{Heap after GC invocations=55 (full 0):
 garbage-first heap   total 256000K, used 7743K [0x0000000706200000, 0x0000000800000000)
  region size 2048K, 1 young (2048K), 1 survivors (2048K)
 Metaspace       used 9045K, committed 9216K, reserved 1114112K
  class space    used 934K, committed 1024K, reserved 1048576K
}
Event: 886.641 GC heap before
{Heap before GC invocations=55 (full 0):
 garbage-first heap   total 256000K, used 159295K [0x0000000706200000, 0x0000000800000000)
  region size 2048K, 75 young (153600K), 1 survivors (2048K)
 Metaspace       used 9045K, committed 9216K, reserved 1114112K
  class space    used 934K, committed 1024K, reserved 1048576K
}
Event: 886.642 GC heap after
{Heap after GC invocations=56 (full 0):
 garbage-first heap   total 256000K, used 7741K [0x0000000706200000, 0x0000000800000000)
  region size 2048K, 1 young (2048K), 1 survivors (2048K)
 Metaspace       used 9045K, committed 9216K, reserved 1114112K
  class space    used 934K, committed 1024K, reserved 1048576K
}
Event: 902.995 GC heap before
{Heap before GC invocations=56 (full 0):
 garbage-first heap   total 256000K, used 159293K [0x0000000706200000, 0x0000000800000000)
  region size 2048K, 75 young (153600K), 1 survivors (2048K)
 Metaspace       used 9045K, committed 9216K, reserved 1114112K
  class space    used 934K, committed 1024K, reserved 1048576K
}
Event: 902.997 GC heap after
{Heap after GC invocations=57 (full 0):
 garbage-first heap   total 256000K, used 7719K [0x0000000706200000, 0x0000000800000000)
  region size 2048K, 1 young (2048K), 1 survivors (2048K)
 Metaspace       used 9045K, committed 9216K, reserved 1114112K
  class space    used 934K, committed 1024K, reserved 1048576K
}
Event: 919.156 GC heap before
{Heap before GC invocations=57 (full 0):
 garbage-first heap   total 256000K, used 159271K [0x0000000706200000, 0x0000000800000000)
  region size 2048K, 75 young (153600K), 1 survivors (2048K)
 Metaspace       used 9045K, committed 9216K, reserved 1114112K
  class space    used 934K, committed 1024K, reserved 1048576K
}
Event: 919.158 GC heap after
{Heap after GC invocations=58 (full 0):
 garbage-first heap   total 256000K, used 7470K [0x0000000706200000, 0x0000000800000000)
  region size 2048K, 1 young (2048K), 1 survivors (2048K)
 Metaspace       used 9045K, committed 9216K, reserved 1114112K
  class space    used 934K, committed 1024K, reserved 1048576K
}
Event: 935.518 GC heap before
{Heap before GC invocations=58 (full 0):
 garbage-first heap   total 256000K, used 159022K [0x0000000706200000, 0x0000000800000000)
  region size 2048K, 75 young (153600K), 1 survivors (2048K)
 Metaspace       used 9045K, committed 9216K, reserved 1114112K
  class space    used 934K, committed 1024K, reserved 1048576K
}
Event: 935.520 GC heap after
{Heap after GC invocations=59 (full 0):
 garbage-first heap   total 256000K, used 7562K [0x0000000706200000, 0x0000000800000000)
  region size 2048K, 1 young (2048K), 1 survivors (2048K)
 Metaspace       used 9045K, committed 9216K, reserved 1114112K
  class space    used 934K, committed 1024K, reserved 1048576K
}
Event: 951.623 GC heap before
{Heap before GC invocations=59 (full 0):
 garbage-first heap   total 256000K, used 159114K [0x0000000706200000, 0x0000000800000000)
  region size 2048K, 75 young (153600K), 1 survivors (2048K)
 Metaspace       used 9045K, committed 9216K, reserved 1114112K
  class space    used 934K, committed 1024K, reserved 1048576K
}
Event: 951.625 GC heap after
{Heap after GC invocations=60 (full 0):
 garbage-first heap   total 256000K, used 7727K [0x0000000706200000, 0x0000000800000000)
  region size 2048K, 1 young (2048K), 1 survivors (2048K)
 Metaspace       used 9045K, committed 9216K, reserved 1114112K
  class space    used 934K, committed 1024K, reserved 1048576K
}
Event: 968.029 GC heap before
{Heap before GC invocations=60 (full 0):
 garbage-first heap   total 256000K, used 159279K [0x0000000706200000, 0x0000000800000000)
  region size 2048K, 75 young (153600K), 1 survivors (2048K)
 Metaspace       used 9045K, committed 9216K, reserved 1114112K
  class space    used 934K, committed 1024K, reserved 1048576K
}
Event: 968.030 GC heap after
{Heap after GC invocations=61 (full 0):
 garbage-first heap   total 256000K, used 7734K [0x0000000706200000, 0x0000000800000000)
  region size 2048K, 1 young (2048K), 1 survivors (2048K)
 Metaspace       used 9045K, committed 9216K, reserved 1114112K
  class space    used 934K, committed 1024K, reserved 1048576K
}
Event: 984.331 GC heap before
{Heap before GC invocations=61 (full 0):
 garbage-first heap   total 256000K, used 159286K [0x0000000706200000, 0x0000000800000000)
  region size 2048K, 75 young (153600K), 1 survivors (2048K)
 Metaspace       used 9045K, committed 9216K, reserved 1114112K
  class space    used 934K, committed 1024K, reserved 1048576K
}
Event: 984.332 GC heap after
{Heap after GC invocations=62 (full 0):
 garbage-first heap   total 256000K, used 7730K [0x0000000706200000, 0x0000000800000000)
  region size 2048K, 1 young (2048K), 1 survivors (2048K)
 Metaspace       used 9045K, committed 9216K, reserved 1114112K
  class space    used 934K, committed 1024K, reserved 1048576K
}
Event: 1000.533 GC heap before
{Heap before GC invocations=62 (full 0):
 garbage-first heap   total 256000K, used 159282K [0x0000000706200000, 0x0000000800000000)
  region size 2048K, 75 young (153600K), 1 survivors (2048K)
 Metaspace       used 9045K, committed 9216K, reserved 1114112K
  class space    used 934K, committed 1024K, reserved 1048576K
}
Event: 1000.534 GC heap after
{Heap after GC invocations=63 (full 0):
 garbage-first heap   total 256000K, used 7735K [0x0000000706200000, 0x0000000800000000)
  region size 2048K, 1 young (2048K), 1 survivors (2048K)
 Metaspace       used 9045K, committed 9216K, reserved 1114112K
  class space    used 934K, committed 1024K, reserved 1048576K
}
Event: 1017.769 GC heap before
{Heap before GC invocations=63 (full 0):
 garbage-first heap   total 256000K, used 159287K [0x0000000706200000, 0x0000000800000000)
  region size 2048K, 75 young (153600K), 1 survivors (2048K)
 Metaspace       used 9047K, committed 9280K, reserved 1114112K
  class space    used 934K, committed 1024K, reserved 1048576K
}
Event: 1017.770 GC heap after
{Heap after GC invocations=64 (full 0):
 garbage-first heap   total 256000K, used 7758K [0x0000000706200000, 0x0000000800000000)
  region size 2048K, 1 young (2048K), 1 survivors (2048K)
 Metaspace       used 9047K, committed 9280K, reserved 1114112K
  class space    used 934K, committed 1024K, reserved 1048576K
}

